<?xml version="1.0" encoding="UTF-8"?>
<!-- Generated by org.testng.reporters.JUnitReportReporter -->
<testsuite hostname="VR" failures="0" tests="4" name="api.test.UserTest" time="7.212" errors="0" timestamp="2024-12-12T00:07:27 IST" skipped="0">
  <testcase classname="api.test.UserTest" name="testPostUser" time="3.191"/>
  <system-out/>
  <testcase classname="api.test.UserTest" name="testGetUser" time="1.385"/>
  <system-out/>
  <testcase classname="api.test.UserTest" name="testPutUser" time="1.349"/>
  <system-out/>
  <testcase classname="api.test.UserTest" name="testDeleteUser" time="1.287"/>
  <system-out/>
</testsuite> <!-- api.test.UserTest -->
