<?xml version="1.0" encoding="UTF-8"?>
<!-- Generated by org.testng.reporters.JUnitReportReporter -->
<testsuite hostname="VR" failures="0" tests="3" name="api.test.TC004_OrderPlaceTest" time="6.227" errors="0" timestamp="2024-12-12T20:44:43 IST" skipped="0">
  <testcase classname="api.test.TC004_OrderPlaceTest" name="testPostStore" time="3.407"/>
  <system-out/>
  <testcase classname="api.test.TC004_OrderPlaceTest" name="testGetPlacedOrder" time="1.441"/>
  <system-out/>
  <testcase classname="api.test.TC004_OrderPlaceTest" name="testDeleteOrder" time="1.379"/>
  <system-out/>
</testsuite> <!-- api.test.TC004_OrderPlaceTest -->
