<?xml version="1.0" encoding="UTF-8"?>
<!-- Generated by org.testng.reporters.JUnitReportReporter -->
<testsuite hostname="VR" failures="0" tests="6" name="api.test.UserTestDDT" time="10.018" errors="0" timestamp="2024-12-11T21:34:59 IST" skipped="0">
  <testcase classname="api.test.UserTestDDT" name="CreateUserbyDDT" time="1.257"/>
  <system-out/>
  <testcase classname="api.test.UserTestDDT" name="CreateUserbyDDT" time="1.300"/>
  <system-out/>
  <testcase classname="api.test.UserTestDDT" name="CreateUserbyDDT" time="3.383"/>
  <system-out/>
  <testcase classname="api.test.UserTestDDT" name="deleteUserByUsername" time="1.364"/>
  <system-out/>
  <testcase classname="api.test.UserTestDDT" name="deleteUserByUsername" time="1.395"/>
  <system-out/>
  <testcase classname="api.test.UserTestDDT" name="deleteUserByUsername" time="1.319"/>
  <system-out/>
</testsuite> <!-- api.test.UserTestDDT -->
