<?xml version="1.0" encoding="UTF-8"?>
<!-- Generated by org.testng.reporters.JUnitReportReporter -->
<testsuite hostname="VR" failures="0" tests="4" name="api.test.TC001_UserTest" time="8.381" errors="0" timestamp="2024-12-12T20:41:09 IST" skipped="0">
  <testcase classname="api.test.TC001_UserTest" name="testPostUser" time="3.146"/>
  <system-out/>
  <testcase classname="api.test.TC001_UserTest" name="testGetUser" time="1.295"/>
  <system-out/>
  <testcase classname="api.test.TC001_UserTest" name="testPutUser" time="1.354"/>
  <system-out/>
  <testcase classname="api.test.TC001_UserTest" name="testDeleteUser" time="2.586"/>
  <system-out/>
</testsuite> <!-- api.test.TC001_UserTest -->
