<?xml version="1.0" encoding="UTF-8"?>
<!-- Generated by org.testng.reporters.JUnitReportReporter -->
<testsuite hostname="VR" failures="0" tests="4" name="api.test.UserTestFromProperties" time="6.843" errors="0" timestamp="2024-12-12T00:09:19 IST" skipped="0">
  <testcase classname="api.test.UserTestFromProperties" name="testcreateUser" time="2.913"/>
  <system-out/>
  <testcase classname="api.test.UserTestFromProperties" name="testgetuser" time="1.300"/>
  <system-out/>
  <testcase classname="api.test.UserTestFromProperties" name="testUpdateuser" time="1.296"/>
  <system-out/>
  <testcase classname="api.test.UserTestFromProperties" name="testDeleteUser" time="1.334"/>
  <system-out/>
</testsuite> <!-- api.test.UserTestFromProperties -->
