<?xml version="1.0" encoding="UTF-8"?>
<!-- Generated by org.testng.reporters.JUnitReportReporter -->
<testsuite hostname="VR" failures="0" tests="3" name="api.test.TC005_PetTest" time="6.656" errors="0" timestamp="2024-12-12T20:45:31 IST" skipped="0">
  <testcase classname="api.test.TC005_PetTest" name="testCreatePet" time="3.751"/>
  <system-out/>
  <testcase classname="api.test.TC005_PetTest" name="testGePet" time="1.460"/>
  <system-out/>
  <testcase classname="api.test.TC005_PetTest" name="testDeleteUser" time="1.445"/>
  <system-out/>
</testsuite> <!-- api.test.TC005_PetTest -->
