<?xml version="1.0" encoding="UTF-8"?>
<!-- Generated by org.testng.reporters.JUnitReportReporter -->
<testsuite hostname="VR" failures="0" tests="3" name="api.test.TC006_GorestDDT" time="12.227" errors="0" timestamp="2024-12-13T15:51:26 IST" skipped="0">
  <testcase classname="api.test.TC006_GorestDDT" name="testCreateUser" time="2.743"/>
  <system-out/>
  <testcase classname="api.test.TC006_GorestDDT" name="testCreateUser" time="6.004"/>
  <system-out/>
  <testcase classname="api.test.TC006_GorestDDT" name="testCreateUser" time="3.480"/>
  <system-out/>
</testsuite> <!-- api.test.TC006_GorestDDT -->
