<?xml version="1.0" encoding="UTF-8"?>
<!-- Generated by org.testng.reporters.JUnitReportReporter -->
<testsuite hostname="VR" failures="0" tests="4" name="api.test.TC003_UserTestFromProperties" time="6.973" errors="0" timestamp="2024-12-12T20:44:08 IST" skipped="0">
  <testcase classname="api.test.TC003_UserTestFromProperties" name="testcreateUser" time="3.019"/>
  <system-out/>
  <testcase classname="api.test.TC003_UserTestFromProperties" name="testgetuser" time="1.352"/>
  <system-out/>
  <testcase classname="api.test.TC003_UserTestFromProperties" name="testUpdateuser" time="1.316"/>
  <system-out/>
  <testcase classname="api.test.TC003_UserTestFromProperties" name="testDeleteUser" time="1.286"/>
  <system-out/>
</testsuite> <!-- api.test.TC003_UserTestFromProperties -->
