<?xml version="1.0" encoding="UTF-8"?>
<!-- Generated by org.testng.reporters.JUnitReportReporter -->
<testsuite hostname="VR" failures="0" tests="4" name="api.test.TC001_UserTest" time="6.926" errors="0" timestamp="2024-12-12T00:35:08 IST" skipped="0">
  <testcase classname="api.test.TC001_UserTest" name="testPostUser" time="3.012"/>
  <system-out/>
  <testcase classname="api.test.TC001_UserTest" name="testGetUser" time="1.289"/>
  <system-out/>
  <testcase classname="api.test.TC001_UserTest" name="testPutUser" time="1.276"/>
  <system-out/>
  <testcase classname="api.test.TC001_UserTest" name="testDeleteUser" time="1.349"/>
  <system-out/>
</testsuite> <!-- api.test.TC001_UserTest -->
